Removed Pin From Net: NetName=MD15_2 Pin=U5-A2
Removed Pin From Net: NetName=MD14_2 Pin=U5-A3
Removed Pin From Net: NetName=MD9_2 Pin=U5-A7
Removed Pin From Net: NetName=DQS1_2_N Pin=U5-B7
Removed Pin From Net: NetName=MD8_2 Pin=U5-B8
Removed Pin From Net: NetName=MD11_2 Pin=U5-C2
Removed Pin From Net: NetName=MD10_2 Pin=U5-C3
Removed Pin From Net: NetName=DQS1_2_P Pin=U5-C7
Removed Pin From Net: NetName=MD12_2 Pin=U5-C8
Removed Pin From Net: NetName=DQM1_2 Pin=U5-D3
Removed Pin From Net: NetName=MD13_2 Pin=U5-D7
Removed Pin From Net: NetName=MD5_2 Pin=U5-E3
Removed Pin From Net: NetName=DQM0_2 Pin=U5-E7
Removed Pin From Net: NetName=MD6_2 Pin=U5-F2
Removed Pin From Net: NetName=DQS0_2_P Pin=U5-F3
Removed Pin From Net: NetName=MD1_2 Pin=U5-F7
Removed Pin From Net: NetName=MD0_2 Pin=U5-F8
Removed Pin From Net: NetName=MD7_2 Pin=U5-G2
Removed Pin From Net: NetName=DQS0_2_N Pin=U5-G3
Removed Pin From Net: NetName=MD4_2 Pin=U5-H3
Removed Pin From Net: NetName=MD3_2 Pin=U5-H7
Removed Pin From Net: NetName=MD2_2 Pin=U5-H8
Removed Member From Class: ClassName=MEM_D0 Member=DQM0_2
Removed Member From Class: ClassName=MEM_D1 Member=DQM1_2
Removed Member From Class: ClassName=MEM_D0 Member=DQS0_2_N
Removed Member From Class: ClassName=MEM_D0 Member=DQS0_2_P
Removed Member From Class: ClassName=MEM_D1 Member=DQS1_2_N
Removed Member From Class: ClassName=MEM_D1 Member=DQS1_2_P
Added Pin To Net: NetName=MD5_2 Pin=U5-A2
Added Pin To Net: NetName=MD7_2 Pin=U5-A3
Added Pin To Net: NetName=MD4_2 Pin=U5-A7
Added Pin To Net: NetName=DQS0_2_N Pin=U5-B7
Added Pin To Net: NetName=MD6_2 Pin=U5-B8
Added Pin To Net: NetName=MD3_2 Pin=U5-C2
Added Pin To Net: NetName=MD1_2 Pin=U5-C3
Added Pin To Net: NetName=DQS0_2_P Pin=U5-C7
Added Pin To Net: NetName=MD2_2 Pin=U5-C8
Added Pin To Net: NetName=DQM0_2 Pin=U5-D3
Added Pin To Net: NetName=MD0_2 Pin=U5-D7
Added Pin To Net: NetName=MD8_2 Pin=U5-E3
Added Pin To Net: NetName=DQM1_2 Pin=U5-E7
Added Pin To Net: NetName=MD10_2 Pin=U5-F2
Added Pin To Net: NetName=DQS1_2_P Pin=U5-F3
Added Pin To Net: NetName=MD9_2 Pin=U5-F7
Added Pin To Net: NetName=MD11_2 Pin=U5-F8
Added Pin To Net: NetName=MD14_2 Pin=U5-G2
Added Pin To Net: NetName=DQS1_2_N Pin=U5-G3
Added Pin To Net: NetName=MD12_2 Pin=U5-H3
Added Pin To Net: NetName=MD15_2 Pin=U5-H7
Added Pin To Net: NetName=MD13_2 Pin=U5-H8
Change Class Name : Old Net Name=MEM_D0 New Net Name=MEM_D1
Change Class Name : Old Net Name=MEM_D1 New Net Name=MEM_D0
Added Member To Class: ClassName=MEM_D0 Member=Wire DQM0_2
Added Member To Class: ClassName=MEM_D1 Member=Wire DQM1_2
Added Member To Class: ClassName=MEM_D0 Member=Wire DQS0_2_N
Added Member To Class: ClassName=MEM_D0 Member=Wire DQS0_2_P
Added Member To Class: ClassName=MEM_D1 Member=Wire DQS1_2_N
Added Member To Class: ClassName=MEM_D1 Member=Wire DQS1_2_P
