Removed Pin From Net: NetName=GND Pin=R6-1
Removed Pin From Net: NetName=MA15_2 Pin=RN7-1
Removed Pin From Net: NetName=MA15_2 Pin=TP1-18
Removed Pin From Net: NetName=*MCS_2 Pin=TP1-19
Removed Pin From Net: NetName=*MWE_2 Pin=TP1-20
Removed Pin From Net: NetName=MA10_2 Pin=TP1-21
Removed Pin From Net: NetName=GND Pin=U5-A1
Removed Pin From Net: NetName=VCCM Pin=U5-A2
Removed Pin From Net: NetName=GND Pin=U5-A8
Removed Pin From Net: NetName=VCCM Pin=U5-A9
Removed Pin From Net: NetName=GND Pin=U5-B2
Removed Pin From Net: NetName=MD5_2 Pin=U5-B3
Removed Pin From Net: NetName=DQM0_2 Pin=U5-B7
Removed Pin From Net: NetName=GND Pin=U5-B8
Removed Pin From Net: NetName=VCCM Pin=U5-B9
Removed Pin From Net: NetName=MD6_2 Pin=U5-C2
Removed Pin From Net: NetName=DQS0_2_N Pin=U5-C3
Removed Pin From Net: NetName=MD1_2 Pin=U5-C7
Removed Pin From Net: NetName=MD0_2 Pin=U5-C8
Removed Pin From Net: NetName=GND Pin=U5-C9
Removed Pin From Net: NetName=MD7_2 Pin=U5-D2
Removed Pin From Net: NetName=DQS0_2_P Pin=U5-D3
Removed Pin From Net: NetName=VCCM Pin=U5-D7
Removed Pin From Net: NetName=GND Pin=U5-D9
Removed Pin From Net: NetName=MVREF Pin=U5-E1
Removed Pin From Net: NetName=VCCM Pin=U5-E2
Removed Pin From Net: NetName=MD4_2 Pin=U5-E3
Removed Pin From Net: NetName=MD3_2 Pin=U5-E7
Removed Pin From Net: NetName=MD2_2 Pin=U5-E8
Removed Pin From Net: NetName=GND Pin=U5-F2
Removed Pin From Net: NetName=*MRAS_2 Pin=U5-F3
Removed Pin From Net: NetName=MCLK_2_P Pin=U5-F7
Removed Pin From Net: NetName=GND Pin=U5-F8
Removed Pin From Net: NetName=ODT_2 Pin=U5-G1
Removed Pin From Net: NetName=VCCM Pin=U5-G2
Removed Pin From Net: NetName=*MCAS_2 Pin=U5-G3
Removed Pin From Net: NetName=MCLK_2_N Pin=U5-G7
Removed Pin From Net: NetName=VCCM Pin=U5-G8
Removed Pin From Net: NetName=MCKE_2 Pin=U5-G9
Removed Pin From Net: NetName=*MCS_2 Pin=U5-H2
Removed Pin From Net: NetName=*MWE_2 Pin=U5-H3
Removed Pin From Net: NetName=MA10_2 Pin=U5-H7
Removed Pin From Net: NetName=NetR5_2 Pin=U5-H8
Removed Pin From Net: NetName=GND Pin=U5-J1
Removed Pin From Net: NetName=BA0_2 Pin=U5-J2
Removed Pin From Net: NetName=BA2_2 Pin=U5-J3
Removed Pin From Net: NetName=MA15_2 Pin=U5-J7
Removed Pin From Net: NetName=MVREF Pin=U5-J8
Removed Pin From Net: NetName=GND Pin=U5-J9
Removed Pin From Net: NetName=VCCM Pin=U5-K1
Removed Pin From Net: NetName=MA3_2 Pin=U5-K2
Removed Pin From Net: NetName=MA0_2 Pin=U5-K3
Removed Pin From Net: NetName=MA12_2 Pin=U5-K7
Removed Pin From Net: NetName=BA1_2 Pin=U5-K8
Removed Pin From Net: NetName=VCCM Pin=U5-K9
Removed Pin From Net: NetName=GND Pin=U5-L1
Removed Pin From Net: NetName=MA5_2 Pin=U5-L2
Removed Pin From Net: NetName=MA2_2 Pin=U5-L3
Removed Pin From Net: NetName=MA1_2 Pin=U5-L7
Removed Pin From Net: NetName=MA4_2 Pin=U5-L8
Removed Pin From Net: NetName=GND Pin=U5-L9
Removed Pin From Net: NetName=VCCM Pin=U5-M1
Removed Pin From Net: NetName=MA7_2 Pin=U5-M2
Removed Pin From Net: NetName=MA9_2 Pin=U5-M3
Removed Pin From Net: NetName=MA11_2 Pin=U5-M7
Removed Pin From Net: NetName=MA6_2 Pin=U5-M8
Removed Pin From Net: NetName=VCCM Pin=U5-M9
Removed Pin From Net: NetName=GND Pin=U5-N1
Removed Pin From Net: NetName=*MRST_2 Pin=U5-N2
Removed Pin From Net: NetName=MA13_2 Pin=U5-N3
Removed Pin From Net: NetName=MA14_2 Pin=U5-N7
Removed Pin From Net: NetName=MA8_2 Pin=U5-N8
Removed Pin From Net: NetName=GND Pin=U5-N9
Removed Pin From Net: NetName=GND Pin=U6-A1
Removed Pin From Net: NetName=VCCM Pin=U6-A2
Removed Pin From Net: NetName=GND Pin=U6-A8
Removed Pin From Net: NetName=VCCM Pin=U6-A9
Removed Pin From Net: NetName=GND Pin=U6-B1
Removed Pin From Net: NetName=GND Pin=U6-B2
Removed Pin From Net: NetName=MD13_2 Pin=U6-B3
Removed Pin From Net: NetName=DQM1_2 Pin=U6-B7
Removed Pin From Net: NetName=GND Pin=U6-B8
Removed Pin From Net: NetName=VCCM Pin=U6-B9
Removed Pin From Net: NetName=VCCM Pin=U6-C1
Removed Pin From Net: NetName=MD12_2 Pin=U6-C2
Removed Pin From Net: NetName=DQS1_2_N Pin=U6-C3
Removed Pin From Net: NetName=MD10_2 Pin=U6-C7
Removed Pin From Net: NetName=MD11_2 Pin=U6-C8
Removed Pin From Net: NetName=GND Pin=U6-C9
Removed Pin From Net: NetName=GND Pin=U6-D1
Removed Pin From Net: NetName=MD8_2 Pin=U6-D2
Removed Pin From Net: NetName=DQS1_2_P Pin=U6-D3
Removed Pin From Net: NetName=VCCM Pin=U6-D7
Removed Pin From Net: NetName=GND Pin=U6-D8
Removed Pin From Net: NetName=GND Pin=U6-D9
Removed Pin From Net: NetName=MVREF Pin=U6-E1
Removed Pin From Net: NetName=VCCM Pin=U6-E2
Removed Pin From Net: NetName=MD9_2 Pin=U6-E3
Removed Pin From Net: NetName=MD14_2 Pin=U6-E7
Removed Pin From Net: NetName=MD15_2 Pin=U6-E8
Removed Pin From Net: NetName=VCCM Pin=U6-E9
Removed Pin From Net: NetName=GND Pin=U6-F2
Removed Pin From Net: NetName=*MRAS_2 Pin=U6-F3
Removed Pin From Net: NetName=MCLK_2_P Pin=U6-F7
Removed Pin From Net: NetName=GND Pin=U6-F8
Removed Pin From Net: NetName=ODT_2 Pin=U6-G1
Removed Pin From Net: NetName=VCCM Pin=U6-G2
Removed Pin From Net: NetName=*MCAS_2 Pin=U6-G3
Removed Pin From Net: NetName=MCLK_2_N Pin=U6-G7
Removed Pin From Net: NetName=VCCM Pin=U6-G8
Removed Pin From Net: NetName=MCKE_2 Pin=U6-G9
Removed Pin From Net: NetName=*MCS_2 Pin=U6-H2
Removed Pin From Net: NetName=*MWE_2 Pin=U6-H3
Removed Pin From Net: NetName=MA10_2 Pin=U6-H7
Removed Pin From Net: NetName=GND Pin=U6-J1
Removed Pin From Net: NetName=BA0_2 Pin=U6-J2
Removed Pin From Net: NetName=BA2_2 Pin=U6-J3
Removed Pin From Net: NetName=MA15_2 Pin=U6-J7
Removed Pin From Net: NetName=MVREF Pin=U6-J8
Removed Pin From Net: NetName=GND Pin=U6-J9
Removed Pin From Net: NetName=VCCM Pin=U6-K1
Removed Pin From Net: NetName=MA3_2 Pin=U6-K2
Removed Pin From Net: NetName=MA0_2 Pin=U6-K3
Removed Pin From Net: NetName=MA12_2 Pin=U6-K7
Removed Pin From Net: NetName=BA1_2 Pin=U6-K8
Removed Pin From Net: NetName=VCCM Pin=U6-K9
Removed Pin From Net: NetName=GND Pin=U6-L1
Removed Pin From Net: NetName=MA5_2 Pin=U6-L2
Removed Pin From Net: NetName=MA2_2 Pin=U6-L3
Removed Pin From Net: NetName=MA1_2 Pin=U6-L7
Removed Pin From Net: NetName=MA4_2 Pin=U6-L8
Removed Pin From Net: NetName=GND Pin=U6-L9
Removed Pin From Net: NetName=VCCM Pin=U6-M1
Removed Pin From Net: NetName=MA7_2 Pin=U6-M2
Removed Pin From Net: NetName=MA9_2 Pin=U6-M3
Removed Pin From Net: NetName=MA11_2 Pin=U6-M7
Removed Pin From Net: NetName=MA6_2 Pin=U6-M8
Removed Pin From Net: NetName=VCCM Pin=U6-M9
Removed Pin From Net: NetName=GND Pin=U6-N1
Removed Pin From Net: NetName=*MRST_2 Pin=U6-N2
Removed Pin From Net: NetName=MA13_2 Pin=U6-N3
Removed Pin From Net: NetName=MA14_2 Pin=U6-N7
Removed Pin From Net: NetName=MA8_2 Pin=U6-N8
Removed Pin From Net: NetName=GND Pin=U6-N9
Change Component DesignItemId : Designator=U5 Old DesignItemId=MT41K512M8RH-125, FBGA78 New DesignItemId=MT41K256M16HA-125M:E, BGA96
Change Component Footprint: Designator=U5 Old Footprint=BGA78_DDR3_X8 New Footprint=BGA96_DDR3_X16
Change Component Comment : Designator=U5 Old Comment=MT41K512M8RH-125, FBGA78 New Comment=MT41K256M16HA-125M:E, BGA96
Added Pin To Net: NetName=*MCS_2 Pin=TP1-18
Added Pin To Net: NetName=*MWE_2 Pin=TP1-19
Added Pin To Net: NetName=MA10_2 Pin=TP1-20
Added Pin To Net: NetName=ODT_2 Pin=TP1-21
Added Pin To Net: NetName=VCCM Pin=U5-A1
Added Pin To Net: NetName=MD15_2 Pin=U5-A2
Added Pin To Net: NetName=MD14_2 Pin=U5-A3
Added Pin To Net: NetName=MD9_2 Pin=U5-A7
Added Pin To Net: NetName=VCCM Pin=U5-A8
Added Pin To Net: NetName=GND Pin=U5-A9
Added Pin To Net: NetName=VCCM Pin=U5-B2
Added Pin To Net: NetName=GND Pin=U5-B3
Added Pin To Net: NetName=DQS1_2_N Pin=U5-B7
Added Pin To Net: NetName=MD8_2 Pin=U5-B8
Added Pin To Net: NetName=GND Pin=U5-B9
Added Pin To Net: NetName=MD11_2 Pin=U5-C2
Added Pin To Net: NetName=MD10_2 Pin=U5-C3
Added Pin To Net: NetName=DQS1_2_P Pin=U5-C7
Added Pin To Net: NetName=MD12_2 Pin=U5-C8
Added Pin To Net: NetName=VCCM Pin=U5-C9
Added Pin To Net: NetName=VCCM Pin=U5-D2
Added Pin To Net: NetName=DQM1_2 Pin=U5-D3
Added Pin To Net: NetName=MD13_2 Pin=U5-D7
Added Pin To Net: NetName=VCCM Pin=U5-D9
Added Pin To Net: NetName=GND Pin=U5-E1
Added Pin To Net: NetName=GND Pin=U5-E2
Added Pin To Net: NetName=MD5_2 Pin=U5-E3
Added Pin To Net: NetName=DQM0_2 Pin=U5-E7
Added Pin To Net: NetName=GND Pin=U5-E8
Added Pin To Net: NetName=VCCM Pin=U5-F1
Added Pin To Net: NetName=MD6_2 Pin=U5-F2
Added Pin To Net: NetName=DQS0_2_P Pin=U5-F3
Added Pin To Net: NetName=MD1_2 Pin=U5-F7
Added Pin To Net: NetName=MD0_2 Pin=U5-F8
Added Pin To Net: NetName=GND Pin=U5-F9
Added Pin To Net: NetName=GND Pin=U5-G1
Added Pin To Net: NetName=MD7_2 Pin=U5-G2
Added Pin To Net: NetName=DQS0_2_N Pin=U5-G3
Added Pin To Net: NetName=VCCM Pin=U5-G7
Added Pin To Net: NetName=GND Pin=U5-G8
Added Pin To Net: NetName=GND Pin=U5-G9
Added Pin To Net: NetName=MVREF Pin=U5-H1
Added Pin To Net: NetName=VCCM Pin=U5-H2
Added Pin To Net: NetName=MD4_2 Pin=U5-H3
Added Pin To Net: NetName=MD3_2 Pin=U5-H7
Added Pin To Net: NetName=MD2_2 Pin=U5-H8
Added Pin To Net: NetName=VCCM Pin=U5-H9
Added Pin To Net: NetName=GND Pin=U5-J2
Added Pin To Net: NetName=*MRAS_2 Pin=U5-J3
Added Pin To Net: NetName=MCLK_2_P Pin=U5-J7
Added Pin To Net: NetName=GND Pin=U5-J8
Added Pin To Net: NetName=ODT_2 Pin=U5-K1
Added Pin To Net: NetName=VCCM Pin=U5-K2
Added Pin To Net: NetName=*MCAS_2 Pin=U5-K3
Added Pin To Net: NetName=MCLK_2_N Pin=U5-K7
Added Pin To Net: NetName=VCCM Pin=U5-K8
Added Pin To Net: NetName=MCKE_2 Pin=U5-K9
Added Pin To Net: NetName=*MCS_2 Pin=U5-L2
Added Pin To Net: NetName=*MWE_2 Pin=U5-L3
Added Pin To Net: NetName=MA10_2 Pin=U5-L7
Added Pin To Net: NetName=NetR5_2 Pin=U5-L8
Added Pin To Net: NetName=GND Pin=U5-M1
Added Pin To Net: NetName=BA0_2 Pin=U5-M2
Added Pin To Net: NetName=BA2_2 Pin=U5-M3
Added Pin To Net: NetName=MVREF Pin=U5-M8
Added Pin To Net: NetName=GND Pin=U5-M9
Added Pin To Net: NetName=VCCM Pin=U5-N1
Added Pin To Net: NetName=MA3_2 Pin=U5-N2
Added Pin To Net: NetName=MA0_2 Pin=U5-N3
Added Pin To Net: NetName=MA12_2 Pin=U5-N7
Added Pin To Net: NetName=BA1_2 Pin=U5-N8
Added Pin To Net: NetName=VCCM Pin=U5-N9
Added Pin To Net: NetName=GND Pin=U5-P1
Added Pin To Net: NetName=MA5_2 Pin=U5-P2
Added Pin To Net: NetName=MA2_2 Pin=U5-P3
Added Pin To Net: NetName=MA1_2 Pin=U5-P7
Added Pin To Net: NetName=MA4_2 Pin=U5-P8
Added Pin To Net: NetName=GND Pin=U5-P9
Added Pin To Net: NetName=VCCM Pin=U5-R1
Added Pin To Net: NetName=MA7_2 Pin=U5-R2
Added Pin To Net: NetName=MA9_2 Pin=U5-R3
Added Pin To Net: NetName=MA11_2 Pin=U5-R7
Added Pin To Net: NetName=MA6_2 Pin=U5-R8
Added Pin To Net: NetName=VCCM Pin=U5-R9
Added Pin To Net: NetName=GND Pin=U5-T1
Added Pin To Net: NetName=*MRST_2 Pin=U5-T2
Added Pin To Net: NetName=MA13_2 Pin=U5-T3
Added Pin To Net: NetName=MA14_2 Pin=U5-T7
Added Pin To Net: NetName=MA8_2 Pin=U5-T8
Added Pin To Net: NetName=GND Pin=U5-T9
